This is pdfTeX, Version 3.141592653-2.6-1.40.24 (TeX Live 2022) (preloaded format=pdflatex 2022.8.1)  31 OCT 2022 09:58
entering extended mode
 restricted \write18 enabled.
 %&-line parsing enabled.
**emoflon-tutorial.tex
(./emoflon-tutorial.tex
LaTeX2e <2022-06-01> patch level 5
L3 programming layer <2022-07-15>
(c:/texlive/2022/texmf-dist/tex/latex/tuda-ci/tudapub.cls
(c:/texlive/2022/texmf-dist/tex/latex/l3kernel/expl3.sty
Package: expl3 2022-07-15 L3 programming layer (loader) 

(c:/texlive/2022/texmf-dist/tex/latex/l3backend/l3backend-pdftex.def
File: l3backend-pdftex.def 2022-07-01 L3 backend support: PDF output (pdfTeX)
\l__color_backend_stack_int=\count185
\l__pdf_internal_box=\box51
))
Document Class: tudapub 2022/06/10 v3.26 Publications using TU Darmstadt's Corp
orate Design (TUDa-CI)
(c:/texlive/2022/texmf-dist/tex/latex/l3packages/l3keys2e/l3keys2e.sty
Package: l3keys2e 2022-06-22 LaTeX2e option processing using LaTeX3 keys
)
(c:/texlive/2022/texmf-dist/tex/latex/urcls/URspecialopts.sty
Package: URspecialopts 2019/01/22 v2.1 Implementation of keyval-options accepti
ng multiple values as grouped clists

(c:/texlive/2022/texmf-dist/tex/latex/l3packages/xparse/xparse.sty
Package: xparse 2022-06-22 L3 Experimental document command parser
))
\g_ptxcd_ruledheaders_int=\count186
\g_ptxcd_paper_int=\count187

(c:/texlive/2022/texmf-dist/tex/latex/koma-script/scrartcl.cls
Document Class: scrartcl 2022/07/04 v3.37 KOMA-Script document class (article)
(c:/texlive/2022/texmf-dist/tex/latex/koma-script/scrkbase.sty
Package: scrkbase 2022/07/04 v3.37 KOMA-Script package (KOMA-Script-dependent b
asics and keyval usage)

(c:/texlive/2022/texmf-dist/tex/latex/koma-script/scrbase.sty
Package: scrbase 2022/07/04 v3.37 KOMA-Script package (KOMA-Script-independent 
basics and keyval usage)

(c:/texlive/2022/texmf-dist/tex/latex/koma-script/scrlfile.sty
Package: scrlfile 2022/07/04 v3.37 KOMA-Script package (file load hooks)

(c:/texlive/2022/texmf-dist/tex/latex/koma-script/scrlfile-hook.sty
Package: scrlfile-hook 2022/07/04 v3.37 KOMA-Script package (using LaTeX hooks)


(c:/texlive/2022/texmf-dist/tex/latex/koma-script/scrlogo.sty
Package: scrlogo 2022/07/04 v3.37 KOMA-Script package (logo)
)))
(c:/texlive/2022/texmf-dist/tex/latex/graphics/keyval.sty
Package: keyval 2022/05/29 v1.15 key=value parser (DPC)
\KV@toks@=\toks16
)
Applying: [2021/05/01] Usage of raw or classic option list on input line 252.
Already applied: [0000/00/00] Usage of raw or classic option list on input line
 368.
))
(c:/texlive/2022/texmf-dist/tex/latex/koma-script/tocbasic.sty
Package: tocbasic 2022/07/04 v3.37 KOMA-Script package (handling toc-files)
\scr@dte@tocline@numberwidth=\skip47
\scr@dte@tocline@numbox=\box52
)
Package tocbasic Info: babel extension for `toc' omitted
(tocbasic)             because of missing \bbl@set@language on input line 135.
Class scrartcl Info: File `tudasize9pt.clo' used to setup font sizes on input l
ine 2319.

(c:/texlive/2022/texmf-dist/tex/latex/tuda-ci/tudasize9pt.clo
File: tudasize9pt.clo TUDa-CI  font size class option (9pt)
)
(c:/texlive/2022/texmf-dist/tex/latex/koma-script/typearea.sty
Package: typearea 2022/07/04 v3.37 KOMA-Script package (type area)
\ta@bcor=\skip48
\ta@div=\count188
\ta@hblk=\skip49
\ta@vblk=\skip50
\ta@temp=\skip51
\footheight=\skip52

DIV calculation for typearea with good linewidth.
Package typearea Info: These are the values describing the layout:
(typearea)             DIV  = 6
(typearea)             BCOR = 0.0pt
(typearea)             \paperwidth      = 597.50793pt
(typearea)              \textwidth      = 298.75397pt
(typearea)              DIV departure   = 2%
(typearea)              \evensidemargin = 77.107pt
(typearea)              \oddsidemargin  = 77.107pt
(typearea)             \paperheight     = 845.04694pt
(typearea)              \textheight     = 425.09988pt
(typearea)              \topmargin      = 38.4587pt
(typearea)              \headheight     = 13.68748pt
(typearea)              \headsep        = 16.42499pt
(typearea)              \topskip        = 9.0pt
(typearea)              \footskip       = 38.32497pt
(typearea)              \baselineskip   = 10.95pt
(typearea)              on input line 1766.
)
\c@part=\count189
\c@section=\count190
\c@subsection=\count191
\c@subsubsection=\count192
\c@paragraph=\count193
\c@subparagraph=\count194
\scr@dte@section@maxnumwidth=\skip53
Class scrartcl Info: using compatibility default `runin=bysign'
(scrartcl)           for `\section on input line 4897.
Class scrartcl Info: using compatibility default `afterindent=bysign'
(scrartcl)           for `\section on input line 4897.
\scr@dte@part@maxnumwidth=\skip54
Class scrartcl Info: using compatibility default `afterindent=false'
(scrartcl)           for `\part on input line 4905.
\scr@dte@subsection@maxnumwidth=\skip55
Class scrartcl Info: using compatibility default `runin=bysign'
(scrartcl)           for `\subsection on input line 4915.
Class scrartcl Info: using compatibility default `afterindent=bysign'
(scrartcl)           for `\subsection on input line 4915.
\scr@dte@subsubsection@maxnumwidth=\skip56
Class scrartcl Info: using compatibility default `runin=bysign'
(scrartcl)           for `\subsubsection on input line 4925.
Class scrartcl Info: using compatibility default `afterindent=bysign'
(scrartcl)           for `\subsubsection on input line 4925.
\scr@dte@paragraph@maxnumwidth=\skip57
Class scrartcl Info: using compatibility default `runin=bysign'
(scrartcl)           for `\paragraph on input line 4936.
Class scrartcl Info: using compatibility default `afterindent=bysign'
(scrartcl)           for `\paragraph on input line 4936.
\scr@dte@subparagraph@maxnumwidth=\skip58
Class scrartcl Info: using compatibility default `runin=bysign'
(scrartcl)           for `\subparagraph on input line 4946.
Class scrartcl Info: using compatibility default `afterindent=bysign'
(scrartcl)           for `\subparagraph on input line 4946.
\abovecaptionskip=\skip59
\belowcaptionskip=\skip60
\c@pti@nb@sid@b@x=\box53
Package tocbasic Info: babel extension for `lof' omitted
(tocbasic)             because of missing \bbl@set@language on input line 6102.

\scr@dte@figure@maxnumwidth=\skip61
\c@figure=\count195
Package tocbasic Info: babel extension for `lot' omitted
(tocbasic)             because of missing \bbl@set@language on input line 6118.

\scr@dte@table@maxnumwidth=\skip62
\c@table=\count196
Class scrartcl Info: Redefining `\numberline' on input line 6288.
\bibindent=\dimen138
) (c:/texlive/2022/texmf-dist/tex/latex/tuda-ci/tudarules.sty
Package: tudarules 2022/06/10 v3.26 Creation of colored bars for tuda-ci bundle

\g_ptxcd_titlerule_dim=\dimen139
\c_ptxcd_largerule_dim=\dimen140
\c_ptxcd_rulesep_dim=\dimen141
\c_ptxcd_smallrule_dim=\dimen142
\c_ptxcd_logoheight_dim=\dimen143

(c:/texlive/2022/texmf-dist/tex/latex/tuda-ci/tudacolors.sty
Package: tudacolors 2022/06/10 v3.26 Color definition for TU Darmstadt's tuda-c
i bundle

(c:/texlive/2022/texmf-dist/tex/latex/xcolor/xcolor.sty
Package: xcolor 2022/06/12 v2.14 LaTeX color extensions (UK)

(c:/texlive/2022/texmf-dist/tex/latex/graphics-cfg/color.cfg
File: color.cfg 2016/01/02 v1.6 sample color configuration
)
Package xcolor Info: Driver file: pdftex.def on input line 227.

(c:/texlive/2022/texmf-dist/tex/latex/graphics-def/pdftex.def
File: pdftex.def 2020/10/05 v1.2a Graphics/color driver for pdftex
)
(c:/texlive/2022/texmf-dist/tex/latex/graphics/mathcolor.ltx)
Package xcolor Info: Model `cmy' substituted by `cmy0' on input line 1353.
Package xcolor Info: Model `hsb' substituted by `rgb' on input line 1357.
Package xcolor Info: Model `RGB' extended on input line 1369.
Package xcolor Info: Model `HTML' substituted by `rgb' on input line 1371.
Package xcolor Info: Model `Hsb' substituted by `hsb' on input line 1372.
Package xcolor Info: Model `tHsb' substituted by `hsb' on input line 1373.
Package xcolor Info: Model `HSB' substituted by `hsb' on input line 1374.
Package xcolor Info: Model `Gray' substituted by `gray' on input line 1375.
Package xcolor Info: Model `wave' substituted by `hsb' on input line 1376.

(c:/texlive/2022/texmf-dist/tex/latex/xcolor/svgnam.def
File: svgnam.def 2022/06/12 v2.14 Predefined colors according to SVG 1.1 (UK)
))
(c:/texlive/2022/texmf-dist/tex/latex/tuda-ci/tudacolors.def
File: tudacolors.def 2022/06/10 3.26 Color definitions for tuda-ci
))
\l_ptxcd_headrule_width_dim=\dimen144
)
(c:/texlive/2022/texmf-dist/tex/latex/tuda-ci/tudafonts.sty
Package: tudafonts 2022/06/10 3.26 font loading for TUDa-CI, TU Darmstadt's Cor
porate Design

(c:/texlive/2022/texmf-dist/tex/generic/iftex/iftex.sty
Package: iftex 2022/02/03 v1.0f TeX engine tests
)
(c:/texlive/2022/texmf-dist/tex/latex/anyfontsize/anyfontsize.sty
Package: anyfontsize 2007/11/22 anyfontsize.sty by pts
)
   defining Unicode char U+20AC (decimal 8364)

(c:/texlive/2022/texmf-dist/tex/latex/xcharter/XCharter.sty
Package: XCharter 2022/04/16 v1.24

`XCharter' v1.24, 2022/04/16 Text macros for XCharter, an extension of Charter 
(msharpe) (c:/texlive/2022/texmf-dist/tex/latex/xkeyval/xkeyval.sty
Package: xkeyval 2022/06/16 v2.9 package option processing (HA)

(c:/texlive/2022/texmf-dist/tex/generic/xkeyval/xkeyval.tex
(c:/texlive/2022/texmf-dist/tex/generic/xkeyval/xkvutils.tex
\XKV@toks=\toks17
\XKV@tempa@toks=\toks18
)
\XKV@depth=\count197
File: xkeyval.tex 2014/12/03 v2.7a key=value parser (HA)
))
(c:/texlive/2022/texmf-dist/tex/latex/etoolbox/etoolbox.sty
Package: etoolbox 2020/10/05 v2.5k e-TeX tools for LaTeX (JAW)
\etb@tempcnta=\count198
)
(c:/texlive/2022/texmf-dist/tex/latex/base/textcomp.sty
Package: textcomp 2020/02/02 v2.0n Standard LaTeX package
)
(c:/texlive/2022/texmf-dist/tex/generic/xstring/xstring.sty
(c:/texlive/2022/texmf-dist/tex/generic/xstring/xstring.tex
\integerpart=\count199
\decimalpart=\count266
)
Package: xstring 2021/07/21 v1.84 String manipulations (CT)
)
(c:/texlive/2022/texmf-dist/tex/latex/base/ifthen.sty
Package: ifthen 2022/04/13 v1.1d Standard LaTeX ifthen package (DPC)
)
(c:/texlive/2022/texmf-dist/tex/latex/carlisle/scalefnt.sty)
(c:/texlive/2022/texmf-dist/tex/latex/base/fontenc.sty
Package: fontenc 2021/04/29 v2.0v Standard LaTeX package
)
LaTeX Font Info:    Setting XCharter-LF sub-encoding to TS1/0 on input line 29.

LaTeX Font Info:    Changing XCharter-TLF sub-encoding to TS1/0 on input line 2
9.
LaTeX Font Info:    Setting XCharter-OsF sub-encoding to TS1/0 on input line 29
.
LaTeX Font Info:    Changing XCharter-TOsF sub-encoding to TS1/0 on input line 
29.
\xch@cnt=\count267

(c:/texlive/2022/texmf-dist/tex/latex/fontaxes/fontaxes.sty
Package: fontaxes 2020/07/21 v1.0e Font selection axes
LaTeX Info: Redefining \upshape on input line 29.
LaTeX Info: Redefining \itshape on input line 31.
LaTeX Info: Redefining \slshape on input line 33.
LaTeX Info: Redefining \swshape on input line 35.
LaTeX Info: Redefining \scshape on input line 37.
LaTeX Info: Redefining \sscshape on input line 39.
LaTeX Info: Redefining \ulcshape on input line 41.
LaTeX Info: Redefining \textsw on input line 47.
LaTeX Info: Redefining \textssc on input line 48.
LaTeX Info: Redefining \textulc on input line 49.
)
LaTeX Info: Redefining \textsu on input line 712.
LaTeX Info: Redefining \textde on input line 714.
LaTeX Info: Redefining \textinf on input line 716.
)
(c:/texlive/2022/texmf-dist/tex/latex/microtype/microtype.sty
Package: microtype 2022/06/23 v3.0f Micro-typographical refinements (RS)
\MT@toks=\toks19
\MT@tempbox=\box54
\MT@count=\count268
LaTeX Info: Redefining \noprotrusionifhmode on input line 1045.
LaTeX Info: Redefining \leftprotrusion on input line 1046.
LaTeX Info: Redefining \rightprotrusion on input line 1056.
LaTeX Info: Redefining \textls on input line 1234.
\MT@outer@kern=\dimen145
LaTeX Info: Redefining \textmicrotypecontext on input line 1858.
\MT@listname@count=\count269

(c:/texlive/2022/texmf-dist/tex/latex/microtype/microtype-pdftex.def
File: microtype-pdftex.def 2022/06/23 v3.0f Definitions specific to pdftex (RS)

LaTeX Info: Redefining \lsstyle on input line 900.
LaTeX Info: Redefining \lslig on input line 900.
\MT@outer@space=\skip63
)
Package microtype Info: Loading configuration file microtype.cfg.

(c:/texlive/2022/texmf-dist/tex/latex/microtype/microtype.cfg
File: microtype.cfg 2022/06/23 v3.0f microtype main configuration file (RS)
))
(c:/texlive/2022/texmf-dist/tex/latex/roboto/roboto.sty
Package: roboto 2019/12/11 (Bob Tennent) Supports Roboto fonts for all LaTeX en
gines.

(c:/texlive/2022/texmf-dist/tex/generic/iftex/ifxetex.sty
Package: ifxetex 2019/10/25 v0.7 ifxetex legacy package. Use iftex instead.
)
(c:/texlive/2022/texmf-dist/tex/generic/iftex/ifluatex.sty
Package: ifluatex 2019/10/25 v1.5 ifluatex legacy package. Use iftex instead.
)
(c:/texlive/2022/texmf-dist/tex/latex/base/fontenc.sty
Package: fontenc 2021/04/29 v2.0v Standard LaTeX package
LaTeX Font Info:    Trying to load font information for T1+XCharter-TLF on inpu
t line 112.

(c:/texlive/2022/texmf-dist/tex/latex/xcharter/T1XCharter-TLF.fd
File: T1XCharter-TLF.fd 2017/06/25 (autoinst) Font definitions for T1/XCharter-
TLF.
)
LaTeX Font Info:    Font shape `T1/XCharter-TLF/m/n' will be
(Font)              scaled to size 9.0pt on input line 112.
))
(c:/texlive/2022/texmf-dist/tex/latex/roboto/roboto-mono.sty
Package: roboto-mono 2019/12/11 (Bob Tennent) Supports RobotoMono fonts for all
 LaTeX engines.

(c:/texlive/2022/texmf-dist/tex/latex/base/fontenc.sty
Package: fontenc 2021/04/29 v2.0v Standard LaTeX package
))
LaTeX Info: Redefining \LaTeX on input line 89.
)
\g_ptxcd_marginpar_dim=\dimen146
\g_ptxcd_innerMargin_dim=\dimen147
\g_ptxcd_outerMargin_dim=\dimen148
\g_ptxcd_bottomMargin_dim=\dimen149
\g_ptxcd_topMargin_dim=\dimen150
\g_ptxcd_columnSep_dim=\dimen151
\g_ptxcd_headheight_dim=\dimen152
\g_ptxcd_headwidth_dim=\dimen153

(c:/texlive/2022/texmf-dist/tex/latex/koma-script/scrlayer-scrpage.sty
Package: scrlayer-scrpage 2022/07/04 v3.37 KOMA-Script package (end user interf
ace for scrlayer)

(c:/texlive/2022/texmf-dist/tex/latex/koma-script/scrlayer.sty
Package: scrlayer 2022/07/04 v3.37 KOMA-Script package (defining layers and pag
e styles)
Package scrlayer Info: patching LaTeX kernel macro \pagestyle on input line 215
5.
)
Package scrlayer-scrpage Info: Makeing stand-alone element `pagehead' from
(scrlayer-scrpage)             alias to `pageheadfoot' on input line 1089.
)
(c:/texlive/2022/texmf-dist/tex/latex/geometry/geometry.sty
Package: geometry 2020/01/02 v5.9 Page Geometry

(c:/texlive/2022/texmf-dist/tex/generic/iftex/ifvtex.sty
Package: ifvtex 2019/10/25 v1.7 ifvtex legacy package. Use iftex instead.
)
\Gm@cnth=\count270
\Gm@cntv=\count271
\c@Gm@tempcnt=\count272
\Gm@bindingoffset=\dimen154
\Gm@wd@mp=\dimen155
\Gm@odd@mp=\dimen156
\Gm@even@mp=\dimen157
\Gm@layoutwidth=\dimen158
\Gm@layoutheight=\dimen159
\Gm@layouthoffset=\dimen160
\Gm@layoutvoffset=\dimen161
\Gm@dimlist=\toks20
)
\l__ptxcd_titlegraphic_box=\box55

(c:/texlive/2022/texmf-dist/tex/latex/adjustbox/trimclip.sty
Package: trimclip 2020/08/19 v1.2 Trim and clip general TeX material

(c:/texlive/2022/texmf-dist/tex/latex/graphics/graphicx.sty
Package: graphicx 2021/09/16 v1.2d Enhanced LaTeX Graphics (DPC,SPQR)

(c:/texlive/2022/texmf-dist/tex/latex/graphics/graphics.sty
Package: graphics 2022/03/10 v1.4e Standard LaTeX Graphics (DPC,SPQR)

(c:/texlive/2022/texmf-dist/tex/latex/graphics/trig.sty
Package: trig 2021/08/11 v1.11 sin cos tan (DPC)
)
(c:/texlive/2022/texmf-dist/tex/latex/graphics-cfg/graphics.cfg
File: graphics.cfg 2016/06/04 v1.11 sample graphics configuration
)
Package graphics Info: Driver file: pdftex.def on input line 107.
)
\Gin@req@height=\dimen162
\Gin@req@width=\dimen163
)
(c:/texlive/2022/texmf-dist/tex/latex/collectbox/collectbox.sty
Package: collectbox 2012/05/17 v0.4b Collect macro arguments as boxes
\collectedbox=\box56
)
(c:/texlive/2022/texmf-dist/tex/latex/adjustbox/adjcalc.sty
Package: adjcalc 2012/05/16 v1.1 Provides advanced setlength with multiple back
-ends (calc, etex, pgfmath)
)
\tc@llx=\dimen164
\tc@lly=\dimen165
\tc@urx=\dimen166
\tc@ury=\dimen167
Package trimclip Info: Using driver 'tc-pdftex.def'.

(c:/texlive/2022/texmf-dist/tex/latex/adjustbox/tc-pdftex.def
File: tc-pdftex.def 2019/01/04 v2.2 Clipping driver for pdftex
))
\g_ptxcd_title_box=\box57
\g_ptxcd_title_fill_skip=\skip64

(c:/texlive/2022/texmf-dist/tex/latex/tuda-ci/tuda-a4paper.clo
File: tuda-a4paper.clo 2022/06/10 v3.26 tuda-ci size adjustments for a4paper
)
\g_ptxcd_title_info_box=\box58
\ptxcd_title_headline_box=\box59

Package tudapub Info: The tudapub class won't create PDF/A-mode.


(c:/texlive/2022/texmf-dist/tex/latex/hyperref/hyperref.sty
Package: hyperref 2022-06-20 v7.00s Hypertext links for LaTeX

(c:/texlive/2022/texmf-dist/tex/generic/ltxcmds/ltxcmds.sty
Package: ltxcmds 2020-05-10 v1.25 LaTeX kernel commands for general use (HO)
)
(c:/texlive/2022/texmf-dist/tex/generic/pdftexcmds/pdftexcmds.sty
Package: pdftexcmds 2020-06-27 v0.33 Utility functions of pdfTeX for LuaTeX (HO
)

(c:/texlive/2022/texmf-dist/tex/generic/infwarerr/infwarerr.sty
Package: infwarerr 2019/12/03 v1.5 Providing info/warning/error messages (HO)
)
Package pdftexcmds Info: \pdf@primitive is available.
Package pdftexcmds Info: \pdf@ifprimitive is available.
Package pdftexcmds Info: \pdfdraftmode found.
)
(c:/texlive/2022/texmf-dist/tex/generic/kvsetkeys/kvsetkeys.sty
Package: kvsetkeys 2019/12/15 v1.18 Key value parser (HO)
)
(c:/texlive/2022/texmf-dist/tex/generic/kvdefinekeys/kvdefinekeys.sty
Package: kvdefinekeys 2019-12-19 v1.6 Define keys (HO)
)
(c:/texlive/2022/texmf-dist/tex/generic/pdfescape/pdfescape.sty
Package: pdfescape 2019/12/09 v1.15 Implements pdfTeX's escape features (HO)
)
(c:/texlive/2022/texmf-dist/tex/latex/hycolor/hycolor.sty
Package: hycolor 2020-01-27 v1.10 Color options for hyperref/bookmark (HO)
)
(c:/texlive/2022/texmf-dist/tex/latex/letltxmacro/letltxmacro.sty
Package: letltxmacro 2019/12/03 v1.6 Let assignment for LaTeX macros (HO)
)
(c:/texlive/2022/texmf-dist/tex/latex/auxhook/auxhook.sty
Package: auxhook 2019-12-17 v1.6 Hooks for auxiliary files (HO)
)
(c:/texlive/2022/texmf-dist/tex/latex/hyperref/nameref.sty
Package: nameref 2022-05-17 v2.50 Cross-referencing by name of section

(c:/texlive/2022/texmf-dist/tex/latex/refcount/refcount.sty
Package: refcount 2019/12/15 v3.6 Data extraction from label references (HO)
)
(c:/texlive/2022/texmf-dist/tex/generic/gettitlestring/gettitlestring.sty
Package: gettitlestring 2019/12/15 v1.6 Cleanup title references (HO)

(c:/texlive/2022/texmf-dist/tex/latex/kvoptions/kvoptions.sty
Package: kvoptions 2022-06-15 v3.15 Key value format for package options (HO)
))
\c@section@level=\count273
)
\@linkdim=\dimen168
\Hy@linkcounter=\count274
\Hy@pagecounter=\count275

(c:/texlive/2022/texmf-dist/tex/latex/hyperref/pd1enc.def
File: pd1enc.def 2022-06-20 v7.00s Hyperref: PDFDocEncoding definition (HO)
Now handling font encoding PD1 ...
... no UTF-8 mapping file for font encoding PD1
)
(c:/texlive/2022/texmf-dist/tex/generic/intcalc/intcalc.sty
Package: intcalc 2019/12/15 v1.3 Expandable calculations with integers (HO)
)
(c:/texlive/2022/texmf-dist/tex/generic/etexcmds/etexcmds.sty
Package: etexcmds 2019/12/15 v1.7 Avoid name clashes with e-TeX commands (HO)
)
\Hy@SavedSpaceFactor=\count276

(c:/texlive/2022/texmf-dist/tex/latex/hyperref/puenc.def
File: puenc.def 2022-06-20 v7.00s Hyperref: PDF Unicode definition (HO)
Now handling font encoding PU ...
... no UTF-8 mapping file for font encoding PU
)
Package hyperref Info: Option `unicode' set `true' on input line 4045.
Package hyperref Info: Hyper figures OFF on input line 4162.
Package hyperref Info: Link nesting OFF on input line 4167.
Package hyperref Info: Hyper index ON on input line 4170.
Package hyperref Info: Plain pages OFF on input line 4177.
Package hyperref Info: Backreferencing OFF on input line 4182.
Package hyperref Info: Implicit mode ON; LaTeX internals redefined.
Package hyperref Info: Bookmarks ON on input line 4408.
\c@Hy@tempcnt=\count277

(c:/texlive/2022/texmf-dist/tex/latex/url/url.sty
\Urlmuskip=\muskip16
Package: url 2013/09/16  ver 3.4  Verb mode for urls, etc.
)
LaTeX Info: Redefining \url on input line 4746.
\XeTeXLinkMargin=\dimen169

(c:/texlive/2022/texmf-dist/tex/generic/bitset/bitset.sty
Package: bitset 2019/12/09 v1.3 Handle bit-vector datatype (HO)

(c:/texlive/2022/texmf-dist/tex/generic/bigintcalc/bigintcalc.sty
Package: bigintcalc 2019/12/15 v1.5 Expandable calculations on big integers (HO
)
))
\Fld@menulength=\count278
\Field@Width=\dimen170
\Fld@charsize=\dimen171
Package hyperref Info: Hyper figures OFF on input line 6024.
Package hyperref Info: Link nesting OFF on input line 6029.
Package hyperref Info: Hyper index ON on input line 6032.
Package hyperref Info: backreferencing OFF on input line 6039.
Package hyperref Info: Link coloring OFF on input line 6044.
Package hyperref Info: Link coloring with OCG OFF on input line 6049.
Package hyperref Info: PDF/A mode OFF on input line 6054.

(c:/texlive/2022/texmf-dist/tex/latex/base/atbegshi-ltx.sty
Package: atbegshi-ltx 2021/01/10 v1.0c Emulation of the original atbegshi
package with kernel methods
)
\Hy@abspage=\count279
\c@Item=\count280
\c@Hfootnote=\count281
)
Package hyperref Info: Driver (autodetected): hpdftex.

(c:/texlive/2022/texmf-dist/tex/latex/hyperref/hpdftex.def
File: hpdftex.def 2022-06-20 v7.00s Hyperref driver for pdfTeX

(c:/texlive/2022/texmf-dist/tex/latex/base/atveryend-ltx.sty
Package: atveryend-ltx 2020/08/19 v1.0a Emulation of the original atveryend pac
kage
with kernel methods
)
\Fld@listcount=\count282
\c@bookmark@seq@number=\count283

(c:/texlive/2022/texmf-dist/tex/latex/rerunfilecheck/rerunfilecheck.sty
Package: rerunfilecheck 2022-07-10 v1.10 Rerun checks for auxiliary files (HO)

(c:/texlive/2022/texmf-dist/tex/generic/uniquecounter/uniquecounter.sty
Package: uniquecounter 2019/12/15 v1.4 Provide unlimited unique counter (HO)
)
Package uniquecounter Info: New unique counter `rerunfilecheck' on input line 2
85.
)
\Hy@SectionHShift=\skip65
)
\g_ptxcd_sponsor_box=\box60
\g_ptxcd_PaperID_box=\box61
)
(c:/texlive/2022/texmf-dist/tex/latex/base/inputenc.sty
Package: inputenc 2021/02/14 v1.3d Input encoding file
\inpenc@prehook=\toks21
\inpenc@posthook=\toks22
)
(c:/texlive/2022/texmf-dist/tex/generic/babel/babel.sty
Package: babel 2022/07/20 3.78 The Babel package
\babel@savecnt=\count284
\U@D=\dimen172
\l@unhyphenated=\language87

(c:/texlive/2022/texmf-dist/tex/generic/babel/txtbabel.def)
\bbl@readstream=\read2
\bbl@dirlevel=\count285
Package babel Info: Main language set with 'main='. Except if you have
(babel)             problems, prefer the default mechanism for setting
(babel)             the main language. Reported on input line 4324.

(c:/texlive/2022/texmf-dist/tex/generic/babel-german/ngerman.ldf
Language: ngerman 2021/02/27 v2.13 German support for babel (post-1996 orthogra
phy)

(c:/texlive/2022/texmf-dist/tex/generic/babel-german/ngermanb.ldf
Language: ngermanb 2021/02/27 v2.13 German support for babel (post-1996 orthogr
aphy)
Package babel Info: Making " an active character on input line 122.
))
(c:/texlive/2022/texmf-dist/tex/generic/babel-english/english.ldf
Language: english 2017/06/06 v3.3r English support from the babel system
Package babel Info: Hyphen rules for 'canadian' set to \l@english
(babel)             (\language0). Reported on input line 102.
Package babel Info: Hyphen rules for 'australian' set to \l@ukenglish
(babel)             (\language21). Reported on input line 105.
Package babel Info: Hyphen rules for 'newzealand' set to \l@ukenglish
(babel)             (\language21). Reported on input line 108.
))
(c:/texlive/2022/texmf-dist/tex/generic/babel/locale/en/babel-english.tex
Package babel Info: Importing font and identification data for english
(babel)             from babel-en.ini. Reported on input line 11.
)
(c:/texlive/2022/texmf-dist/tex/generic/babel/locale/de/babel-ngerman.tex
Package babel Info: Importing font and identification data for ngerman
(babel)             from babel-de.ini. Reported on input line 11.
)
(c:/texlive/2022/texmf-dist/tex/latex/caption/caption.sty
Package: caption 2022/03/01 v3.6b Customizing captions (AR)

(c:/texlive/2022/texmf-dist/tex/latex/caption/caption3.sty
Package: caption3 2022/03/17 v2.3b caption3 kernel (AR)
\caption@tempdima=\dimen173
\captionmargin=\dimen174
\caption@leftmargin=\dimen175
\caption@rightmargin=\dimen176
\caption@width=\dimen177
\caption@indent=\dimen178
\caption@parindent=\dimen179
\caption@hangindent=\dimen180
Package caption Info: KOMA-Script document class detected.

(c:/texlive/2022/texmf-dist/tex/latex/caption/caption-koma.sto
File: caption-koma.sto 2020/09/21 v2.0b Adaption of the caption package to the 
KOMA-Script document classes (AR)
))
\c@caption@flags=\count286
\c@continuedfloat=\count287
Package caption Info: hyperref package is loaded.
)
(c:/texlive/2022/texmf-dist/tex/latex/booktabs/booktabs.sty
Package: booktabs 2020/01/12 v1.61803398 Publication quality tables
\heavyrulewidth=\dimen181
\lightrulewidth=\dimen182
\cmidrulewidth=\dimen183
\belowrulesep=\dimen184
\belowbottomsep=\dimen185
\aboverulesep=\dimen186
\abovetopsep=\dimen187
\cmidrulesep=\dimen188
\cmidrulekern=\dimen189
\defaultaddspace=\dimen190
\@cmidla=\count288
\@cmidlb=\count289
\@aboverulesep=\dimen191
\@belowrulesep=\dimen192
\@thisruleclass=\count290
\@lastruleclass=\count291
\@thisrulewidth=\dimen193
)
(c:/texlive/2022/texmf-dist/tex/latex/mathtools/mathtools.sty
Package: mathtools 2022/06/29 v1.29 mathematical typesetting tools

(c:/texlive/2022/texmf-dist/tex/latex/tools/calc.sty
Package: calc 2017/05/25 v4.3 Infix arithmetic (KKT,FJ)
\calc@Acount=\count292
\calc@Bcount=\count293
\calc@Adimen=\dimen194
\calc@Bdimen=\dimen195
\calc@Askip=\skip66
\calc@Bskip=\skip67
LaTeX Info: Redefining \setlength on input line 80.
LaTeX Info: Redefining \addtolength on input line 81.
\calc@Ccount=\count294
\calc@Cskip=\skip68
)
(c:/texlive/2022/texmf-dist/tex/latex/mathtools/mhsetup.sty
Package: mhsetup 2021/03/18 v1.4 programming setup (MH)
)
(c:/texlive/2022/texmf-dist/tex/latex/amsmath/amsmath.sty
Package: amsmath 2022/04/08 v2.17n AMS math features
\@mathmargin=\skip69

For additional information on amsmath, use the `?' option.
(c:/texlive/2022/texmf-dist/tex/latex/amsmath/amstext.sty
Package: amstext 2021/08/26 v2.01 AMS text

(c:/texlive/2022/texmf-dist/tex/latex/amsmath/amsgen.sty
File: amsgen.sty 1999/11/30 v2.0 generic functions
\@emptytoks=\toks23
\ex@=\dimen196
))
(c:/texlive/2022/texmf-dist/tex/latex/amsmath/amsbsy.sty
Package: amsbsy 1999/11/29 v1.2d Bold Symbols
\pmbraise@=\dimen197
)
(c:/texlive/2022/texmf-dist/tex/latex/amsmath/amsopn.sty
Package: amsopn 2022/04/08 v2.04 operator names
)
\inf@bad=\count295
LaTeX Info: Redefining \frac on input line 234.
\uproot@=\count296
\leftroot@=\count297
LaTeX Info: Redefining \overline on input line 399.
LaTeX Info: Redefining \colon on input line 410.
\classnum@=\count298
\DOTSCASE@=\count299
LaTeX Info: Redefining \ldots on input line 496.
LaTeX Info: Redefining \dots on input line 499.
LaTeX Info: Redefining \cdots on input line 620.
\Mathstrutbox@=\box62
\strutbox@=\box63
LaTeX Info: Redefining \big on input line 722.
LaTeX Info: Redefining \Big on input line 723.
LaTeX Info: Redefining \bigg on input line 724.
LaTeX Info: Redefining \Bigg on input line 725.
\big@size=\dimen198
LaTeX Font Info:    Redeclaring font encoding OML on input line 743.
LaTeX Font Info:    Redeclaring font encoding OMS on input line 744.
\macc@depth=\count300
LaTeX Info: Redefining \bmod on input line 905.
LaTeX Info: Redefining \pmod on input line 910.
LaTeX Info: Redefining \smash on input line 940.
LaTeX Info: Redefining \relbar on input line 970.
LaTeX Info: Redefining \Relbar on input line 971.
\c@MaxMatrixCols=\count301
\dotsspace@=\muskip17
\c@parentequation=\count302
\dspbrk@lvl=\count303
\tag@help=\toks24
\row@=\count304
\column@=\count305
\maxfields@=\count306
\andhelp@=\toks25
\eqnshift@=\dimen199
\alignsep@=\dimen256
\tagshift@=\dimen257
\tagwidth@=\dimen258
\totwidth@=\dimen259
\lineht@=\dimen260
\@envbody=\toks26
\multlinegap=\skip70
\multlinetaggap=\skip71
\mathdisplay@stack=\toks27
LaTeX Info: Redefining \[ on input line 2953.
LaTeX Info: Redefining \] on input line 2954.
)
\g_MT_multlinerow_int=\count307
\l_MT_multwidth_dim=\dimen261
\origjot=\skip72
\l_MT_shortvdotswithinadjustabove_dim=\dimen262
\l_MT_shortvdotswithinadjustbelow_dim=\dimen263
\l_MT_above_intertext_sep=\dimen264
\l_MT_below_intertext_sep=\dimen265
\l_MT_above_shortintertext_sep=\dimen266
\l_MT_below_shortintertext_sep=\dimen267
\xmathstrut@box=\box64
\xmathstrut@dim=\dimen268
)
(c:/texlive/2022/texmf-dist/tex/latex/amsfonts/amssymb.sty
Package: amssymb 2013/01/14 v3.01 AMS font symbols

(c:/texlive/2022/texmf-dist/tex/latex/amsfonts/amsfonts.sty
Package: amsfonts 2013/01/14 v3.01 Basic AMSFonts support
\symAMSa=\mathgroup4
\symAMSb=\mathgroup5
LaTeX Font Info:    Redeclaring math symbol \hbar on input line 98.
LaTeX Font Info:    Overwriting math alphabet `\mathfrak' in version `bold'
(Font)                  U/euf/m/n --> U/euf/b/n on input line 106.
))
(c:/texlive/2022/texmf-dist/tex/latex/listings/listings.sty
\lst@mode=\count308
\lst@gtempboxa=\box65
\lst@token=\toks28
\lst@length=\count309
\lst@currlwidth=\dimen269
\lst@column=\count310
\lst@pos=\count311
\lst@lostspace=\dimen270
\lst@width=\dimen271
\lst@newlines=\count312
\lst@lineno=\count313
\lst@maxwidth=\dimen272

(c:/texlive/2022/texmf-dist/tex/latex/listings/lstmisc.sty
File: lstmisc.sty 2020/03/24 1.8d (Carsten Heinz)
\c@lstnumber=\count314
\lst@skipnumbers=\count315
\lst@framebox=\box66
)
(c:/texlive/2022/texmf-dist/tex/latex/listings/listings.cfg
File: listings.cfg 2020/03/24 1.8d listings configuration
))
Package: listings 2020/03/24 1.8d (Carsten Heinz)

(c:/texlive/2022/texmf-dist/tex/latex/cleveref/cleveref.sty
Package: cleveref 2018/03/27 v0.21.4 Intelligent cross-referencing
Package cleveref Info: `hyperref' support loaded on input line 2370.
LaTeX Info: Redefining \cref on input line 2370.
LaTeX Info: Redefining \Cref on input line 2370.
LaTeX Info: Redefining \crefrange on input line 2370.
LaTeX Info: Redefining \Crefrange on input line 2370.
LaTeX Info: Redefining \cpageref on input line 2370.
LaTeX Info: Redefining \Cpageref on input line 2370.
LaTeX Info: Redefining \cpagerefrange on input line 2370.
LaTeX Info: Redefining \Cpagerefrange on input line 2370.
LaTeX Info: Redefining \labelcref on input line 2370.
LaTeX Info: Redefining \labelcpageref on input line 2370.
Package cleveref Info: `listings' support loaded on input line 3131.
)
(c:/texlive/2022/texmf-dist/tex/latex/csquotes/csquotes.sty
Package: csquotes 2021-02-22 v5.2l context-sensitive quotations (JAW)
\csq@reset=\count316
\csq@gtype=\count317
\csq@glevel=\count318
\csq@qlevel=\count319
\csq@maxlvl=\count320
\csq@tshold=\count321
\csq@ltx@everypar=\toks29

(c:/texlive/2022/texmf-dist/tex/latex/csquotes/csquotes.def
File: csquotes.def 2021-02-22 v5.2l csquotes generic definitions (JAW)
)
Package csquotes Info: Trying to load configuration file 'csquotes.cfg'...
Package csquotes Info: ... configuration file loaded successfully.

(c:/texlive/2022/texmf-dist/tex/latex/csquotes/csquotes.cfg
File: csquotes.cfg 
)
Package csquotes Info: Enabling multilingual quotes.
)
(c:/texlive/2022/texmf-dist/tex/latex/setspace/setspace.sty
Package: setspace 2011/12/19 v6.7a set line spacing
)
(c:/texlive/2022/texmf-dist/tex/latex/tools/array.sty
Package: array 2022/03/10 v2.5f Tabular extension package (FMi)
\col@sep=\dimen273
\ar@mcellbox=\box67
\extrarowheight=\dimen274
\NC@list=\toks30
\extratabsurround=\skip73
\backup@length=\skip74
\ar@cellbox=\box68
)
(c:/texlive/2022/texmf-dist/tex/generic/hologo/hologo.sty
Package: hologo 2021-11-16 v1.15 A logo collection with bookmark support (HO)
)
(c:/texlive/2022/texmf-dist/tex/latex/caption/subcaption.sty
Package: subcaption 2022/01/07 v1.5 Sub-captions (AR)
\c@subfigure=\count322
\c@subtable=\count323
)
(c:/texlive/2022/texmf-dist/tex/latex/amscls/amsthm.sty
Package: amsthm 2020/05/29 v2.20.6
\thm@style=\toks31
\thm@bodyfont=\toks32
\thm@headfont=\toks33
\thm@notefont=\toks34
\thm@headpunct=\toks35
\thm@preskip=\skip75
\thm@postskip=\skip76
\thm@headsep=\skip77
\dth@everypar=\toks36
)
(c:/texlive/2022/texmf-dist/tex/latex/xpatch/xpatch.sty
Package: xpatch 2020/03/25 v0.3a Extending etoolbox patching commands
)
Class scrartcl Info: amsthm's \deferred@thm@head patched.
LaTeX Info: Redefining \oldstylenums on input line 82.
Package csquotes Info: Checking for multilingual support...
Package csquotes Info: ... found 'babel' package.

(./emoflon-tutorial.aux

LaTeX Warning: Label `project creation' multiply defined.


LaTeX Warning: Label `project creation@cref' multiply defined.


LaTeX Warning: Label `TGG rule creation' multiply defined.


LaTeX Warning: Label `TGG rule creation@cref' multiply defined.


LaTeX Warning: Label `TGG rule creation' multiply defined.


LaTeX Warning: Label `TGG rule creation@cref' multiply defined.


LaTeX Warning: Label `PatientInRoomRule' multiply defined.


LaTeX Warning: Label `PatientInRoomRule@cref' multiply defined.


LaTeX Warning: Label `setDefaultNumber' multiply defined.


LaTeX Warning: Label `setDefaultNumber@cref' multiply defined.


LaTeX Warning: Label `setDefaultNumber' multiply defined.


LaTeX Warning: Label `setDefaultNumber@cref' multiply defined.


LaTeX Warning: Label `setDefaultNumber' multiply defined.


LaTeX Warning: Label `setDefaultNumber@cref' multiply defined.


LaTeX Warning: Label `setDefaultNumber' multiply defined.


LaTeX Warning: Label `setDefaultNumber@cref' multiply defined.


LaTeX Warning: Label `setDefaultNumber' multiply defined.


LaTeX Warning: Label `setDefaultNumber@cref' multiply defined.


LaTeX Warning: Label `setDefaultNumber' multiply defined.


LaTeX Warning: Label `setDefaultNumber@cref' multiply defined.

)
\openout1 = `emoflon-tutorial.aux'.

LaTeX Font Info:    Checking defaults for OML/cmm/m/it on input line 82.
LaTeX Font Info:    ... okay on input line 82.
LaTeX Font Info:    Checking defaults for OMS/cmsy/m/n on input line 82.
LaTeX Font Info:    ... okay on input line 82.
LaTeX Font Info:    Checking defaults for OT1/cmr/m/n on input line 82.
LaTeX Font Info:    ... okay on input line 82.
LaTeX Font Info:    Checking defaults for T1/cmr/m/n on input line 82.
LaTeX Font Info:    ... okay on input line 82.
LaTeX Font Info:    Checking defaults for TS1/cmr/m/n on input line 82.
LaTeX Font Info:    ... okay on input line 82.
LaTeX Font Info:    Checking defaults for OMX/cmex/m/n on input line 82.
LaTeX Font Info:    ... okay on input line 82.
LaTeX Font Info:    Checking defaults for U/cmr/m/n on input line 82.
LaTeX Font Info:    ... okay on input line 82.
LaTeX Font Info:    Checking defaults for PD1/pdf/m/n on input line 82.
LaTeX Font Info:    ... okay on input line 82.
LaTeX Font Info:    Checking defaults for PU/pdf/m/n on input line 82.
LaTeX Font Info:    ... okay on input line 82.
Package scrbase Info: activating english \abstractname on input line 82.
Package scrbase Info: activating english \partname on input line 82.
Package scrbase Info: activating english \figurename on input line 82.
Package scrbase Info: activating english \tablename on input line 82.
Package scrbase Info: activating english \contentsname on input line 82.
Package scrbase Info: activating english \listfigurename on input line 82.
Package scrbase Info: activating english \listtablename on input line 82.
Package scrbase Info: activating english \refname on input line 82.
Package scrbase Info: activating english \indexname on input line 82.
 (c:/texlive/2022/texmf-dist/tex/context/base/mkii/supp-pdf.mkii
[Loading MPS to PDF converter (version 2006.09.02).]
\scratchcounter=\count324
\scratchdimen=\dimen275
\scratchbox=\box69
\nofMPsegments=\count325
\nofMParguments=\count326
\everyMPshowfont=\toks37
\MPscratchCnt=\count327
\MPscratchDim=\dimen276
\MPnumerator=\count328
\makeMPintoPDFobject=\count329
\everyMPtoPDFconversion=\toks38
) (c:/texlive/2022/texmf-dist/tex/latex/epstopdf-pkg/epstopdf-base.sty
Package: epstopdf-base 2020-01-24 v2.11 Base part for package epstopdf
Package epstopdf-base Info: Redefining graphics rule for `.eps' on input line 4
85.

(c:/texlive/2022/texmf-dist/tex/latex/latexconfig/epstopdf-sys.cfg
File: epstopdf-sys.cfg 2010/07/13 v1.3 Configuration of (r)epstopdf for TeX Liv
e
))
\c@mv@tabular=\count330
\c@mv@boldtabular=\count331
LaTeX Info: Redefining \microtypecontext on input line 82.
Package microtype Info: Applying patch `item' on input line 82.
Package microtype Info: Applying patch `toc' on input line 82.
Package microtype Info: Applying patch `eqnum' on input line 82.


Package microtype Warning: Unable to apply patch `footnote' on input line 82.

Package microtype Info: Generating PDF output.
Package microtype Info: Character protrusion enabled (level 2).
Package microtype Info: Using default protrusion set `alltext'.
Package microtype Info: Automatic font expansion enabled (level 2),
(microtype)             stretch: 20, shrink: 20, step: 1, non-selected.
Package microtype Info: Using default expansion set `alltext-nott'.
LaTeX Info: Redefining \showhyphens on input line 82.
Package microtype Info: No adjustment of tracking.
Package microtype Info: No adjustment of interword spacing.
Package microtype Info: No adjustment of character kerning.
(c:/texlive/2022/texmf-dist/tex/latex/microtype/mt-bch.cfg
File: mt-bch.cfg 2007/03/03 v1.5 microtype config. file: Bitstream Charter (RS)

)
*geometry* driver: auto-detecting
*geometry* detected driver: pdftex
*geometry* verbose mode - [ preamble ] result:
* driver: pdftex
* paper: a4paper
* layout: <same size as paper>
* layoutoffset:(h,v)=(0.0pt,0.0pt)
* modes: includehead includefoot includemp 
* h-part:(L,W,R)=(42.67912pt, 512.14963pt, 42.67912pt)
* v-part:(T,H,B)=(42.67912pt, 745.46222pt, 56.9055pt)
* \paperwidth=597.50787pt
* \paperheight=845.04684pt
* \textwidth=502.14963pt
* \textheight=660.46033pt
* \oddsidemargin=-29.59087pt
* \evensidemargin=-29.59087pt
* \topmargin=-29.59087pt
* \headheight=30.25194pt
* \headsep=16.42499pt
* \topskip=9.0pt
* \footskip=38.32497pt
* \marginparwidth=0.0pt
* \marginparsep=10.0pt
* \columnsep=10.0pt
* \skip\footins=8.0pt plus 4.0pt minus 2.0pt
* \hoffset=0.0pt
* \voffset=0.0pt
* \mag=1000
* \@twocolumnfalse
* \@twosidefalse
* \@mparswitchfalse
* \@reversemarginfalse
* (1in=72.27pt=25.4mm, 1cm=28.453pt)

\ptxcd_headrule_box=\box70
Package scrbase Info: activating english \authorandname on input line 82.
Package scrbase Info: activating english \ptxcd_datename on input line 82.
Package hyperref Info: Link coloring OFF on input line 82.
(./emoflon-tutorial.out) (./emoflon-tutorial.out)
\@outlinefile=\write3
\openout3 = `emoflon-tutorial.out'.

Class scrartcl Info: loading recommended package `bookmark'.
(scrartcl)           Using `bookmark' together with `hyperref' is recommended,
(scrartcl)           because of handling of possible bookmark level gaps.
(scrartcl)           You can avoid loading `bookmark' with KOMA-Script option
(scrartcl)           `bookmarkpackage=false' before \begin{document} and
(scrartcl)           you can avoid this message adding:
(scrartcl)             \usepackage{bookmark}
(scrartcl)           before \begin{document} on input line 82.

(c:/texlive/2022/texmf-dist/tex/latex/bookmark/bookmark.sty
Package: bookmark 2020-11-06 v1.29 PDF bookmarks (HO)

(c:/texlive/2022/texmf-dist/tex/latex/bookmark/bkm-pdftex.def
File: bkm-pdftex.def 2020-11-06 v1.29 bookmark driver for pdfTeX (HO)
\BKM@id=\count332
))
Package caption Info: Begin \AtBeginDocument code.
Package caption Info: listings package is loaded.
Package caption Info: End \AtBeginDocument code.
\c@lstlisting=\count333
LaTeX Font Info:    Trying to load font information for T1+Roboto-LF on input l
ine 90.

(c:/texlive/2022/texmf-dist/tex/latex/roboto/T1Roboto-LF.fd
File: T1Roboto-LF.fd 2019/12/11 (autoinst) Font definitions for T1/Roboto-LF.
)
LaTeX Font Info:    Font shape `T1/Roboto-LF/m/n' aliased to
(Font)              `T1/Roboto-LF/regular/n' on input line 90.
LaTeX Font Info:    Font shape `T1/Roboto-LF/regular/n' will be
(Font)              scaled to size 9.0pt on input line 90.
Package microtype Info: Loading generic protrusion settings for font family
(microtype)             `Roboto-LF' (encoding: T1).
(microtype)             For optimal results, create family-specific settings.
(microtype)             See the microtype manual for details.
LaTeX Font Info:    Font shape `T1/Roboto-LF/b/n' aliased to
(Font)              `T1/Roboto-LF/bold/n' on input line 90.
LaTeX Font Info:    Font shape `T1/Roboto-LF/bold/n' will be
(Font)              scaled to size 9.0pt on input line 90.
LaTeX Font Info:    Font shape `T1/Roboto-LF/b/n' aliased to
(Font)              `T1/Roboto-LF/bold/n' on input line 90.
LaTeX Font Info:    Font shape `T1/Roboto-LF/bold/n' will be
(Font)              scaled to size 17.28pt on input line 90.
<FB_logo_edit.png, id=4, 323.70938pt x 140.77594pt>
File: FB_logo_edit.png Graphic file (type png)
<use FB_logo_edit.png>
Package pdftex.def Info: FB_logo_edit.png  used on input line 90.
(pdftex.def)             Requested size: 143.93907pt x 62.59605pt.

(c:/texlive/2022/texmf-dist/tex/latex/microtype/mt-cmr.cfg
File: mt-cmr.cfg 2013/05/19 v2.2 microtype config. file: Computer Modern Roman 
(RS)
)
LaTeX Font Info:    Trying to load font information for U+msa on input line 90.


(c:/texlive/2022/texmf-dist/tex/latex/amsfonts/umsa.fd
File: umsa.fd 2013/01/14 v3.01 AMS symbols A
)
(c:/texlive/2022/texmf-dist/tex/latex/microtype/mt-msa.cfg
File: mt-msa.cfg 2006/02/04 v1.1 microtype config. file: AMS symbols (a) (RS)
)
LaTeX Font Info:    Trying to load font information for U+msb on input line 90.


(c:/texlive/2022/texmf-dist/tex/latex/amsfonts/umsb.fd
File: umsb.fd 2013/01/14 v3.01 AMS symbols B
)
(c:/texlive/2022/texmf-dist/tex/latex/microtype/mt-msb.cfg
File: mt-msb.cfg 2005/06/01 v1.0 microtype config. file: AMS symbols (b) (RS)
)
LaTeX Font Info:    Font shape `T1/Roboto-LF/b/n' aliased to
(Font)              `T1/Roboto-LF/bold/n' on input line 90.
LaTeX Font Info:    Font shape `T1/Roboto-LF/bold/n' will be
(Font)              scaled to size 10.95pt on input line 90.
<pictures/eMoflonLogoIbex.png, id=5, 548.0475pt x 584.1825pt>
File: pictures/eMoflonLogoIbex.png Graphic file (type png)
<use pictures/eMoflonLogoIbex.png>
Package pdftex.def Info: pictures/eMoflonLogoIbex.png  used on input line 93.
(pdftex.def)             Requested size: 328.83104pt x 350.51219pt.
LaTeX Font Info:    Font shape `T1/Roboto-LF/m/n' aliased to
(Font)              `T1/Roboto-LF/regular/n' on input line 96.
LaTeX Font Info:    Font shape `T1/Roboto-LF/regular/n' will be
(Font)              scaled to size 8.0pt on input line 96.
LaTeX Font Info:    Font shape `T1/XCharter-TLF/m/n' will be
(Font)              scaled to size 8.0pt on input line 96.
 [1





{c:/texlive/2022/texmf-var/fonts/map/pdftex/updmap/pdftex.map} <./FB_logo_edit.
png> <./pictures/eMoflonLogoIbex.png>]
Package tocbasic Info: character protrusion at toc deactivated on input line 97
.
 (./emoflon-tutorial.toc)
\tf@toc=\write4
\openout4 = `emoflon-tutorial.toc'.

 [2] (./chapters/introduction.tex
LaTeX Font Info:    Font shape `T1/XCharter-TLF/b/n' will be
(Font)              scaled to size 9.0pt on input line 2.
LaTeX Font Info:    Font shape `T1/Roboto-LF/b/n' aliased to
(Font)              `T1/Roboto-LF/bold/n' on input line 11.
LaTeX Font Info:    Font shape `T1/Roboto-LF/bold/n' will be
(Font)              scaled to size 10.0pt on input line 11.
LaTeX Font Info:    Font shape `T1/XCharter-TLF/m/n' will be
(Font)              scaled to size 6.0pt on input line 24.
LaTeX Font Info:    Font shape `T1/XCharter-TLF/m/n' will be
(Font)              scaled to size 7.0pt on input line 24.
LaTeX Font Info:    Font shape `T1/XCharter-TLF/m/n' will be
(Font)              scaled to size 5.0pt on input line 24.
[1

]
LaTeX Font Info:    Font shape `T1/Roboto-LF/m/it' aliased to
(Font)              `T1/Roboto-LF/regular/it' on input line 49.
LaTeX Font Info:    Font shape `T1/Roboto-LF/regular/it' will be
(Font)              scaled to size 9.0pt on input line 49.
LaTeX Font Info:    Trying to load font information for TS1+XCharter-TLF on inp
ut line 54.
 (c:/texlive/2022/texmf-dist/tex/latex/xcharter/TS1XCharter-TLF.fd
File: TS1XCharter-TLF.fd 2020/05/25 (msharpe) Font definitions for TS1/XCharter
-TLF.
)
LaTeX Font Info:    Font shape `TS1/XCharter-TLF/m/n' will be
(Font)              scaled to size 9.0pt on input line 54.
Package microtype Info: Character `textbardbl ' is missing
(microtype)             in font `TS1/XCharter-TLF/m/n/9'.
(microtype)             Ignoring protrusion settings for this character.
Package microtype Info: Character `textcelsius ' is missing
(microtype)             in font `TS1/XCharter-TLF/m/n/9'.
(microtype)             Ignoring protrusion settings for this character.
LaTeX Font Info:    Font shape `T1/XCharter-TLF/m/it' will be
(Font)              scaled to size 9.0pt on input line 58.
<pictures/Eclipse Marketplace 08.11.2021 16_56_39.png, id=123, 934.49126pt x 90
1.3675pt>
File: pictures/Eclipse Marketplace 08.11.2021 16_56_39.png Graphic file (type p
ng)
<use pictures/Eclipse Marketplace 08.11.2021 16_56_39.png>
Package pdftex.def Info: pictures/Eclipse Marketplace 08.11.2021 16_56_39.png  
used on input line 62.
(pdftex.def)             Requested size: 373.78989pt x 360.5406pt.
 [2

 <./pictures/Eclipse Marketplace 08.11.2021 16_56_39.png>]
<pictures/eclipse_install_new_software_hipe.png, id=132, 814.54312pt x 709.1493
7pt>
File: pictures/eclipse_install_new_software_hipe.png Graphic file (type png)
<use pictures/eclipse_install_new_software_hipe.png>
Package pdftex.def Info: pictures/eclipse_install_new_software_hipe.png  used o
n input line 87.
(pdftex.def)             Requested size: 407.27055pt x 354.57382pt.
 [3

 <./pictures/eclipse_install_new_software_hipe.png>]
<pictures/eclipse-workspace - HospitalExample_model_HospitalExample.ecore - Ecl
ipse IDE 08.11.2021 18_02_54.png, id=138, 1086.0575pt x 945.5325pt>
File: pictures/eclipse-workspace - HospitalExample_model_HospitalExample.ecore 
- Eclipse IDE 08.11.2021 18_02_54.png Graphic file (type png)
<use pictures/eclipse-workspace - HospitalExample_model_HospitalExample.ecore -
 Eclipse IDE 08.11.2021 18_02_54.png>
Package pdftex.def Info: pictures/eclipse-workspace - HospitalExample_model_Hos
pitalExample.ecore - Eclipse IDE 08.11.2021 18_02_54.png  used on input line 10
8.
(pdftex.def)             Requested size: 434.4153pt x 378.2063pt.
 [4

 <./pictures/eclipse-workspace - HospitalExample_model_HospitalExample.ecore - 
Eclipse IDE 08.11.2021 18_02_54.png>])
(./chapters/modelCreation.tex
<pictures/add_perspective.png, id=148, 899.61093pt x 572.89032pt>
File: pictures/add_perspective.png Graphic file (type png)
<use pictures/add_perspective.png>
Package pdftex.def Info: pictures/add_perspective.png  used on input line 23.
(pdftex.def)             Requested size: 359.838pt x 229.15207pt.
 [5

 <./pictures/add_perspective.png>]
<pictures/toolbar_eMoflon.png, id=157, 1177.39874pt x 139.27031pt>
File: pictures/toolbar_eMoflon.png Graphic file (type png)
<use pictures/toolbar_eMoflon.png>
Package pdftex.def Info: pictures/toolbar_eMoflon.png  used on input line 34.
(pdftex.def)             Requested size: 294.34897pt x 34.81749pt.
 [6

 <./pictures/toolbar_eMoflon.png>]
<pictures/project_creation.png, id=172, 384.6872pt x 295.85532pt>
File: pictures/project_creation.png Graphic file (type png)
<use pictures/project_creation.png>
Package pdftex.def Info: pictures/project_creation.png  used on input line 77.
(pdftex.def)             Requested size: 269.27919pt x 207.0973pt.
 [7

 <./pictures/project_creation.png>]
<pictures/model_finished.jpg, id=179, 8982.55875pt x 5596.91pt>
File: pictures/model_finished.jpg Graphic file (type jpg)
<use pictures/model_finished.jpg>
Package pdftex.def Info: pictures/model_finished.jpg  used on input line 88.
(pdftex.def)             Requested size: 8084.22844pt x 5037.17262pt.
 [8

 <./pictures/model_finished.jpg>]
<pictures/new_child.png, id=185, 1002.74625pt x 575.14874pt>
File: pictures/new_child.png Graphic file (type png)
<use pictures/new_child.png>
Package pdftex.def Info: pictures/new_child.png  used on input line 103.
(pdftex.def)             Requested size: 501.3719pt x 287.57367pt.
 [9

 <./pictures/new_child.png>] [10]
<pictures/goal_vis_PlantUML.png, id=197, 183.68625pt x 401.24907pt>
File: pictures/goal_vis_PlantUML.png Graphic file (type png)
<use pictures/goal_vis_PlantUML.png>
Package pdftex.def Info: pictures/goal_vis_PlantUML.png  used on input line 175
.
(pdftex.def)             Requested size: 128.57947pt x 280.87242pt.
 [11 <./pictures/goal_vis_PlantUML.png>]) (./chapters/gt.tex
<pictures/pattern.png, id=207, 125.71968pt x 238.64156pt>
File: pictures/pattern.png Graphic file (type png)
<use pictures/pattern.png>
Package pdftex.def Info: pictures/pattern.png  used on input line 20.
(pdftex.def)             Requested size: 88.00316pt x 167.04794pt.
 [12

 <./pictures/pattern.png>]
<pictures/rule.png, id=214, 327.47343pt x 155.83218pt>
File: pictures/rule.png Graphic file (type png)
<use pictures/rule.png>
Package pdftex.def Info: pictures/rule.png  used on input line 33.
(pdftex.def)             Requested size: 261.97911pt x 124.66591pt.
 [13

 <./pictures/rule.png>]
<pictures/manifest.png, id=221, 1258.7025pt x 551.05875pt>
File: pictures/manifest.png Graphic file (type png)
<use pictures/manifest.png>
Package pdftex.def Info: pictures/manifest.png  used on input line 73.
(pdftex.def)             Requested size: 881.08575pt x 385.73848pt.
 [14

 <./pictures/manifest.png>] [15

] [16

] [17

]
LaTeX Font Info:    Trying to load font information for TS1+Roboto-LF on input 
line 255.

(c:/texlive/2022/texmf-dist/tex/latex/roboto/TS1Roboto-LF.fd
File: TS1Roboto-LF.fd 2019/12/11 (autoinst) Font definitions for TS1/Roboto-LF.

)
LaTeX Font Info:    Font shape `TS1/Roboto-LF/m/n' aliased to
(Font)              `TS1/Roboto-LF/regular/n' on input line 255.
LaTeX Font Info:    Font shape `TS1/Roboto-LF/regular/n' will be
(Font)              scaled to size 9.0pt on input line 255.
Package microtype Info: Loading generic protrusion settings for font family
(microtype)             `Roboto-LF' (encoding: TS1).
(microtype)             For optimal results, create family-specific settings.
(microtype)             See the microtype manual for details.
<pictures/findRoomsInAnyDepartment.png, id=240, 685.05937pt x 303.38344pt>
File: pictures/findRoomsInAnyDepartment.png Graphic file (type png)
<use pictures/findRoomsInAnyDepartment.png>
Package pdftex.def Info: pictures/findRoomsInAnyDepartment.png  used on input l
ine 281.
(pdftex.def)             Requested size: 308.27386pt x 136.52127pt.
 [18

 <./pictures/findRoomsInAnyDepartment.png>]
<pictures/roomRule.png, id=249, 643.6547pt x 389.95688pt>
File: pictures/roomRule.png Graphic file (type png)
<use pictures/roomRule.png>
Package pdftex.def Info: pictures/roomRule.png  used on input line 309.
(pdftex.def)             Requested size: 289.64194pt x 175.47896pt.
<pictures/findRoomInDepartment.png, id=250, 640.64343pt x 389.95688pt>
File: pictures/findRoomInDepartment.png Graphic file (type png)
<use pictures/findRoomInDepartment.png>
Package pdftex.def Info: pictures/findRoomInDepartment.png  used on input line 
334.
(pdftex.def)             Requested size: 275.4713pt x 167.67818pt.
 [19

 <./pictures/roomRule.png> <./pictures/findRoomInDepartment.png>] [20] [21

] [22

] [23

] [24

] [25] [26

] [27

] [28

]
<pictures/probabilityClass.png, id=294, 1195.46625pt x 533.74406pt>
File: pictures/probabilityClass.png Graphic file (type png)
<use pictures/probabilityClass.png>
Package pdftex.def Info: pictures/probabilityClass.png  used on input line 924.

(pdftex.def)             Requested size: 478.17802pt x 213.49384pt.
 [29 <./pictures/probabilityClass.png>] [30]) (./chapters/appendixGt.tex [31

] [32

]
Underfull \hbox (badness 1454) in paragraph at lines 80--81
\T1/XCharter-TLF/m/n/9 (+20) which would be used for the
 []


Overfull \hbox (1.51869pt too wide) in paragraph at lines 92--92
[]|[]\T1/XCharter-TLF/m/n/9 (-20) getTotalSystemActivity[](boolean
 []


Underfull \hbox (badness 3000) in paragraph at lines 96--96
[]|[]\T1/XCharter-TLF/m/n/9 (+20) applyGillespie[](boolean doUp-
 []


Underfull \hbox (badness 10000) in paragraph at lines 98--98
[]\T1/XCharter-TLF/m/n/9 (+20) (GraphTransformationRule
 []

[33

]
Overfull \hbox (12.19183pt too wide) in paragraph at lines 123--123
[]\T1/XCharter-TLF/m/n/9 (-20) (GraphTransformationMatch<?,?>
 []


Underfull \hbox (badness 1048) in paragraph at lines 172--173
[]|\T1/XCharter-TLF/m/n/9 (+20) Applies the rule on the given
 []


Underfull \hbox (badness 1184) in paragraph at lines 174--175
[]|\T1/XCharter-TLF/m/n/9 (+20) Applies the rule at most max
 []


Overfull \hbox (12.19183pt too wide) in paragraph at lines 180--180
[]\T1/XCharter-TLF/m/n/9 (-20) (GraphTransformationMatch<?,?>
 []


Underfull \hbox (badness 10000) in paragraph at lines 182--182
\T1/XCharter-TLF/m/n/9 (+20) Trans-for-ma-tion-Match<?,?>>
 []


Underfull \hbox (badness 10000) in paragraph at lines 190--191
[]|\T1/XCharter-TLF/m/n/9 (+20) Subscribes rule ap-pli-ca-tions:
 []


Overfull \hbox (6.88716pt too wide) in paragraph at lines 194--194
[]|[]\T1/XCharter-TLF/m/n/9 (-20) unsubscribeRuleApplicationsAll[]()| 
 []

[34

] [35] [36

] [37

]) (./chapters/tgg.tex
<pictures/AdministrationExample class diagram.jpg, id=340, 7386.59625pt x 6817.
47pt>
File: pictures/AdministrationExample class diagram.jpg Graphic file (type jpg)
<use pictures/AdministrationExample class diagram.jpg>
Package pdftex.def Info: pictures/AdministrationExample class diagram.jpg  used
 on input line 11.
(pdftex.def)             Requested size: 369.35146pt x 340.89346pt.
 [38

 <./pictures/AdministrationExample class diagram.jpg>] [39

]
<pictures/selectSourceModel.png, id=351, 711.65875pt x 582.175pt>
File: pictures/selectSourceModel.png Graphic file (type png)
<use pictures/selectSourceModel.png>
Package pdftex.def Info: pictures/selectSourceModel.png  used on input line 77.

(pdftex.def)             Requested size: 355.8285pt x 291.08679pt.
 [40

 <./pictures/selectSourceModel.png>] [41

] [42

]
<pictures/tgg_rule_creation.png, id=369, 516.42938pt x 393.72093pt>
File: pictures/tgg_rule_creation.png Graphic file (type png)
<use pictures/tgg_rule_creation.png>
Package pdftex.def Info: pictures/tgg_rule_creation.png  used on input line 237
.
(pdftex.def)             Requested size: 258.21405pt x 196.85999pt.

[43

 <./pictures/tgg_rule_creation.png>]
<pictures/h2a.png, id=375, 397.485pt x 149.55875pt>
File: pictures/h2a.png Graphic file (type png)
<use pictures/h2a.png>
Package pdftex.def Info: pictures/h2a.png  used on input line 299.
(pdftex.def)             Requested size: 198.742pt x 74.77919pt.
 [44

 <./pictures/h2a.png (PNG copy)>]
[45

]
<pictures/StaffToStaffRule.png, id=385, 216.05719pt x 272.51813pt>
File: pictures/StaffToStaffRule.png Graphic file (type png)
<use pictures/StaffToStaffRule.png>
Package pdftex.def Info: pictures/StaffToStaffRule.png  used on input line 413.

(pdftex.def)             Requested size: 129.6353pt x 163.51213pt.
 [46

 <./pictures/StaffToStaffRule.png>]
<pictures/NurseToStaffRule.png, id=391, 208.52907pt x 262.73157pt>
File: pictures/NurseToStaffRule.png Graphic file (type png)
<use pictures/NurseToStaffRule.png>
Package pdftex.def Info: pictures/NurseToStaffRule.png  used on input line 489.

(pdftex.def)             Requested size: 135.54228pt x 170.77348pt.
 [47

 <./pictures/NurseToStaffRule.png>]
<pictures/DocShiftplanRule.png, id=398, 252.945pt x 271.0125pt>
File: pictures/DocShiftplanRule.png Graphic file (type png)
<use pictures/DocShiftplanRule.png>
Package pdftex.def Info: pictures/DocShiftplanRule.png  used on input line 583.

(pdftex.def)             Requested size: 113.82419pt x 121.95448pt.
<pictures/nurseShiftPlan.png, id=399, 249.18094pt x 341.02406pt>
File: pictures/nurseShiftPlan.png Graphic file (type png)
<use pictures/nurseShiftPlan.png>
Package pdftex.def Info: pictures/nurseShiftPlan.png  used on input line 590.
(pdftex.def)             Requested size: 112.13037pt x 153.4594pt.
 [48

 <./pictures/DocShiftplanRule.png> <./pictures/nurseShiftPlan.png>]
<pictures/patientToPatient.png, id=405, 330.48468pt x 66.2475pt>
File: pictures/patientToPatient.png Graphic file (type png)
<use pictures/patientToPatient.png>
Package pdftex.def Info: pictures/patientToPatient.png  used on input line 610.

(pdftex.def)             Requested size: 214.81248pt x 43.06035pt.

[49

 <./pictures/patientToPatient.png>]
<pictures/PatientInRoomRule.png, id=411, 201.75375pt x 263.48438pt>
File: pictures/PatientInRoomRule.png Graphic file (type png)
<use pictures/PatientInRoomRule.png>
Package pdftex.def Info: pictures/PatientInRoomRule.png  used on input line 685
.
(pdftex.def)             Requested size: 131.13837pt x 171.2628pt.
<pictures/NurseToRoomRule.png, id=412, 269.50688pt x 260.47313pt>
File: pictures/NurseToRoomRule.png Graphic file (type png)
<use pictures/NurseToRoomRule.png>
Package pdftex.def Info: pictures/NurseToRoomRule.png  used on input line 696.
(pdftex.def)             Requested size: 175.17738pt x 169.30553pt.
 [50

 <./pictures/PatientInRoomRule.png> <./pictures/NurseToRoomRule.png>]
<pictures/locSetDefaultNumber.png, id=419, 314.67563pt x 105.39375pt>
File: pictures/locSetDefaultNumber.png Graphic file (type png)
<use pictures/locSetDefaultNumber.png>
Package pdftex.def Info: pictures/locSetDefaultNumber.png  used on input line 7
33.
(pdftex.def)             Requested size: 204.53673pt x 68.50511pt.
 [51

 <./pictures/locSetDefaultNumber.png>]
[52

] [53

]
<pictures/modelGENApp.png, id=436, 466.74374pt x 292.09125pt>
File: pictures/modelGENApp.png Graphic file (type png)
<use pictures/modelGENApp.png>
Package pdftex.def Info: pictures/modelGENApp.png  used on input line 945.
(pdftex.def)             Requested size: 303.37984pt x 189.85704pt.
 [54

 <./pictures/modelGENApp.png>]
<pictures/instances.png, id=442, 126.4725pt x 88.07906pt>
File: pictures/instances.png Graphic file (type png)
<use pictures/instances.png>
Package pdftex.def Info: pictures/instances.png  used on input line 958.
(pdftex.def)             Requested size: 107.50212pt x 74.86754pt.
 [55

 <./pictures/instances.png>]
<pictures/registrationHelpers.png, id=448, 479.54156pt x 227.34938pt>
File: pictures/registrationHelpers.png Graphic file (type png)
<use pictures/registrationHelpers.png>
Package pdftex.def Info: pictures/registrationHelpers.png  used on input line 1
018.
(pdftex.def)             Requested size: 311.69832pt x 147.77533pt.

[56

 <./pictures/registrationHelpers.png>]
<pictures/application_MODELGEN.png, id=454, 789.70032pt x 455.45157pt>
File: pictures/application_MODELGEN.png Graphic file (type png)
<use pictures/application_MODELGEN.png>
Package pdftex.def Info: pictures/application_MODELGEN.png  used on input line 
1035.
(pdftex.def)             Requested size: 513.29913pt x 296.04001pt.

Overfull \hbox (1.1495pt too wide) in paragraph at lines 1035--1036
 [][] 
 []

[57

 <./pictures/application_MODELGEN.png>] [58

]
<pictures/debugPackage.png, id=464, 333.49594pt x 53.44969pt>
File: pictures/debugPackage.png Graphic file (type png)
<use pictures/debugPackage.png>
Package pdftex.def Info: pictures/debugPackage.png  used on input line 1113.
(pdftex.def)             Requested size: 216.76979pt x 34.74187pt.
<pictures/debugWindow.png, id=465, 1035.11719pt x 611.28375pt>
File: pictures/debugWindow.png Graphic file (type png)
<use pictures/debugWindow.png>
Package pdftex.def Info: pictures/debugWindow.png  used on input line 1126.
(pdftex.def)             Requested size: 414.03954pt x 244.50917pt.
 [59

 <./pictures/debugPackage.png> <./pictures/debugWindow.png>]) (./chapters/appen
dixTGG.tex [60

]
Underfull \hbox (badness 10000) in paragraph at lines 55--55
[]|\T1/XCharter-TLF/m/n/9 (+20) stringToInt(stringValue:EString, int-
 []


Underfull \hbox (badness 10000) in paragraph at lines 57--57
[]|\T1/XCharter-TLF/m/n/9 (+20) multiply(operand1:EDouble,
 []


Underfull \hbox (badness 10000) in paragraph at lines 59--59
[]|\T1/XCharter-TLF/m/n/9 (+20) divide(numerator:EDouble, de-nom-i-na-
 []


Underfull \hbox (badness 10000) in paragraph at lines 61--61
[]|\T1/XCharter-TLF/m/n/9 (+20) add(summand1:EDouble, sum-
 []

[61

] [62

]) (./chapters/troubleshooting.tex [63

] [64

]) (./emoflon-tutorial.aux)

LaTeX Warning: There were multiply-defined labels.

Package rerunfilecheck Info: File `emoflon-tutorial.out' has not changed.
(rerunfilecheck)             Checksum: D41D8CD98F00B204E9800998ECF8427E;0.
 ) 
Here is how much of TeX's memory you used:
 29716 strings out of 478023
 606757 string characters out of 5842668
 1082098 words of memory out of 5000000
 47160 multiletter control sequences out of 15000+600000
 597437 words of font info for 307 fonts, out of 8000000 for 9000
 1141 hyphenation exceptions out of 8191
 122i,21n,120p,10663b,753s stack positions out of 10000i,1000n,20000p,200000b,200000s

pdfTeX warning (dest): name{Hfootnote.4} has been referenced but does not exist
, replaced by a fixed one


pdfTeX warning (dest): name{Hfootnote.3} has been referenced but does not exist
, replaced by a fixed one


pdfTeX warning (dest): name{Hfootnote.2} has been referenced but does not exist
, replaced by a fixed one


pdfTeX warning (dest): name{Hfootnote.1} has been referenced but does not exist
, replaced by a fixed one

{c:/texlive/2022/texmf-dist/fonts/enc/dvips/xcharter/xch_rydp4l.enc}{c:/texlive
/2022/texmf-dist/fonts/enc/dvips/roboto/rbto_ocbbsb.enc}{c:/texlive/2022/texmf-
dist/fonts/enc/dvips/xcharter/xch1_co4ru4.enc}{c:/texlive/2022/texmf-dist/fonts
/enc/dvips/roboto/rbto_b5rac7.enc}<c:/texlive/2022/texmf-dist/fonts/type1/googl
e/roboto/Roboto-Bold.pfb><c:/texlive/2022/texmf-dist/fonts/type1/google/roboto/
Roboto-Italic.pfb><c:/texlive/2022/texmf-dist/fonts/type1/google/roboto/Roboto-
Regular.pfb><c:/texlive/2022/texmf-dist/fonts/type1/public/xcharter/XCharter-Bo
ld.pfb><c:/texlive/2022/texmf-dist/fonts/type1/public/xcharter/XCharter-Italic.
pfb><c:/texlive/2022/texmf-dist/fonts/type1/public/xcharter/XCharter-Roman.pfb>
<c:/texlive/2022/texmf-dist/fonts/type1/public/amsfonts/cm/cmmi5.pfb><c:/texliv
e/2022/texmf-dist/fonts/type1/public/amsfonts/cm/cmmi9.pfb><c:/texlive/2022/tex
mf-dist/fonts/type1/public/amsfonts/cm/cmr5.pfb><c:/texlive/2022/texmf-dist/fon
ts/type1/public/amsfonts/cm/cmr9.pfb><c:/texlive/2022/texmf-dist/fonts/type1/pu
blic/amsfonts/cm/cmsy5.pfb><c:/texlive/2022/texmf-dist/fonts/type1/public/amsfo
nts/cm/cmsy6.pfb><c:/texlive/2022/texmf-dist/fonts/type1/public/amsfonts/cm/cms
y9.pfb>
Output written on emoflon-tutorial.pdf (66 pages, 6559569 bytes).
PDF statistics:
 733 PDF objects out of 1000 (max. 8388607)
 590 compressed objects within 6 object streams
 162 named destinations out of 1000 (max. 500000)
 67613 words of extra memory for PDF output out of 74296 (max. 10000000)

